d:\vs2017_project\libevent_study\zlib_libevent\temp\debug\vc141.pdb
d:\vs2017_project\libevent_study\zlib_libevent\temp\debug\vc141.idb
d:\vs2017_project\libevent_study\zlib_libevent\temp\debug\zlib_filter_client.obj
d:\vs2017_project\libevent_study\zlib_libevent\temp\debug\client.obj
d:\vs2017_project\libevent_study\zlib_libevent\temp\debug\zlib_client.ilk
d:\vs2017_project\libevent_study\zlib_libevent\temp\debug\zlib_client.exe
d:\vs2017_project\libevent_study\zlib_libevent\temp\debug\zlib_client.pdb
d:\vs2017_project\libevent_study\zlib_libevent\temp\debug\server.obj
d:\vs2017_project\libevent_study\zlib_libevent\temp\debug\test_buffer_filter_zilb.obj
d:\vs2017_project\libevent_study\zlib_libevent\temp\debug\zlib_libevent.ilk
d:\vs2017_project\libevent_study\zlib_libevent\temp\debug\zlib_libevent.pdb
d:\vs2017_project\libevent_study\zlib_libevent\solution\..\temp\debug\zlib_client.pdb
d:\vs2017_project\libevent_study\zlib_libevent\solution\..\temp\debug\zlib_client.exe
d:\vs2017_project\libevent_study\zlib_libevent\solution\..\temp\debug\zlib_client.ilk
d:\vs2017_project\libevent_study\zlib_libevent\temp\debug\zlib_client.tlog\cl.command.1.tlog
d:\vs2017_project\libevent_study\zlib_libevent\temp\debug\zlib_client.tlog\cl.read.1.tlog
d:\vs2017_project\libevent_study\zlib_libevent\temp\debug\zlib_client.tlog\cl.write.1.tlog
d:\vs2017_project\libevent_study\zlib_libevent\temp\debug\zlib_client.tlog\link.command.1.tlog
d:\vs2017_project\libevent_study\zlib_libevent\temp\debug\zlib_client.tlog\link.read.1.tlog
d:\vs2017_project\libevent_study\zlib_libevent\temp\debug\zlib_client.tlog\link.write.1.tlog
