d:\vs2017_project\libevent_study\ftp_libevent\temp\debug\vc141.pdb
d:\vs2017_project\libevent_study\ftp_libevent\temp\debug\vc141.idb
d:\vs2017_project\libevent_study\ftp_libevent\temp\debug\xthreadpool.obj
d:\vs2017_project\libevent_study\ftp_libevent\temp\debug\xthread.obj
d:\vs2017_project\libevent_study\ftp_libevent\temp\debug\xftpservercmd.obj
d:\vs2017_project\libevent_study\ftp_libevent\temp\debug\test_thread_pool.obj
d:\vs2017_project\libevent_study\ftp_libevent\temp\debug\xftpuser.obj
d:\vs2017_project\libevent_study\ftp_libevent\temp\debug\xftptask.obj
d:\vs2017_project\libevent_study\ftp_libevent\temp\debug\xftpfactory.obj
d:\vs2017_project\libevent_study\ftp_libevent\temp\debug\xftplist.obj
d:\vs2017_project\libevent_study\ftp_libevent\temp\debug\xftpport.obj
d:\vs2017_project\libevent_study\ftp_libevent\temp\debug\xftpstor.obj
d:\vs2017_project\libevent_study\ftp_libevent\temp\debug\xftpretr.obj
d:\vs2017_project\libevent_study\ftp_libevent\temp\debug\ftp_server.exe
d:\vs2017_project\libevent_study\ftp_libevent\temp\debug\ftp_server.ilk
d:\vs2017_project\libevent_study\ftp_libevent\temp\debug\ftp_server.pdb
d:\vs2017_project\libevent_study\ftp_libevent\temp\debug\test_thread_pool.obj.enc
d:\vs2017_project\libevent_study\ftp_libevent\temp\debug\xftpfactory.obj.enc
d:\vs2017_project\libevent_study\ftp_libevent\temp\debug\xftplist.obj.enc
d:\vs2017_project\libevent_study\ftp_libevent\temp\debug\xftpservercmd.obj.enc
d:\vs2017_project\libevent_study\ftp_libevent\temp\debug\xftptask.obj.enc
d:\vs2017_project\libevent_study\ftp_libevent\temp\debug\xftpuser.obj.enc
d:\vs2017_project\libevent_study\ftp_libevent\solution\ftp_server\..\..\temp\debug\ftp_server.pdb
d:\vs2017_project\libevent_study\ftp_libevent\solution\ftp_server\..\..\temp\debug\ftp_server.exe
d:\vs2017_project\libevent_study\ftp_libevent\solution\ftp_server\..\..\temp\debug\ftp_server.ilk
d:\vs2017_project\libevent_study\ftp_libevent\temp\debug\ftp_server.tlog\cl.command.1.tlog
d:\vs2017_project\libevent_study\ftp_libevent\temp\debug\ftp_server.tlog\cl.read.1.tlog
d:\vs2017_project\libevent_study\ftp_libevent\temp\debug\ftp_server.tlog\cl.write.1.tlog
d:\vs2017_project\libevent_study\ftp_libevent\temp\debug\ftp_server.tlog\link.command.1.tlog
d:\vs2017_project\libevent_study\ftp_libevent\temp\debug\ftp_server.tlog\link.read.1.tlog
d:\vs2017_project\libevent_study\ftp_libevent\temp\debug\ftp_server.tlog\link.write.1.tlog
